D:\DOCUMENTS\GITHUB\WHISPER\DEBUG\APPUTIL.OBJ
D:\DOCUMENTS\GITHUB\WHISPER\DEBUG\BASICGEO.OBJ
D:\DOCUMENTS\GITHUB\WHISPER\DEBUG\CAMERA.OBJ
D:\documents\GitHub\whisper\Debug\cl.command.1.tlog
D:\documents\GitHub\whisper\Debug\CL.read.1.tlog
D:\documents\GitHub\whisper\Debug\CL.write.1.tlog
D:\documents\GitHub\whisper\Debug\custombuild.command.1.tlog
D:\documents\GitHub\whisper\Debug\custombuild.read.1.tlog
D:\documents\GitHub\whisper\Debug\custombuild.write.1.tlog
D:\DOCUMENTS\GITHUB\WHISPER\DEBUG\EFFECTS.OBJ
D:\DOCUMENTS\GITHUB\WHISPER\DEBUG\GRASS.OBJ
D:\DOCUMENTS\GITHUB\WHISPER\DEBUG\GRASSDEMO.OBJ
D:\DOCUMENTS\GITHUB\WHISPER\DEBUG\LIGHT.OBJ
D:\documents\GitHub\whisper\Debug\link.11032.read.1.tlog
D:\documents\GitHub\whisper\Debug\link.11032.write.1.tlog
D:\documents\GitHub\whisper\Debug\link.11032-cvtres.read.1.tlog
D:\documents\GitHub\whisper\Debug\link.11032-cvtres.write.1.tlog
D:\documents\GitHub\whisper\Debug\link.command.1.tlog
D:\documents\GitHub\whisper\Debug\link.read.1.tlog
D:\documents\GitHub\whisper\Debug\link.write.1.tlog
D:\documents\GitHub\whisper\Debug\link-cvtres.read.1.tlog
D:\documents\GitHub\whisper\Debug\link-cvtres.write.1.tlog
D:\documents\GitHub\whisper\Debug\mt.command.1.tlog
D:\documents\GitHub\whisper\Debug\mt.read.1.tlog
D:\documents\GitHub\whisper\Debug\mt.write.1.tlog
D:\documents\GitHub\whisper\Debug\rc.command.1.tlog
D:\documents\GitHub\whisper\Debug\rc.read.1.tlog
D:\documents\GitHub\whisper\Debug\rc.write.1.tlog
D:\DOCUMENTS\GITHUB\WHISPER\DEBUG\SKY.OBJ
D:\DOCUMENTS\GITHUB\WHISPER\DEBUG\TIMER.OBJ
D:\documents\GitHub\whisper\Debug\vc100.idb
D:\DOCUMENTS\GITHUB\WHISPER\DEBUG\VC100.PDB
D:\DOCUMENTS\GITHUB\WHISPER\DEBUG\VERTEX..OBJ
D:\DOCUMENTS\GITHUB\WHISPER\DEBUG\WHISPER.EXE
D:\DOCUMENTS\GITHUB\WHISPER\DEBUG\WHISPER.EXE.EMBED.MANIFEST
D:\DOCUMENTS\GITHUB\WHISPER\DEBUG\WHISPER.EXE.EMBED.MANIFEST.RES
D:\DOCUMENTS\GITHUB\WHISPER\DEBUG\WHISPER.EXE.INTERMEDIATE.MANIFEST
D:\documents\GitHub\whisper\Debug\whisper.exp
D:\DOCUMENTS\GITHUB\WHISPER\DEBUG\WHISPER.ILK
D:\documents\GitHub\whisper\Debug\whisper.lib
D:\DOCUMENTS\GITHUB\WHISPER\DEBUG\WHISPER.PDB
D:\documents\GitHub\whisper\Debug\whisper.write.1.tlog
D:\documents\GitHub\whisper\Debug\whisper_manifest.rc
D:\DOCUMENTS\GITHUB\WHISPER\DEBUG\WINAPP.OBJ
D:\DOCUMENTS\GITHUB\WHISPER\SRC\FX\BASIC.FXO
D:\DOCUMENTS\GITHUB\WHISPER\SRC\FX\GRASS.FXO
D:\DOCUMENTS\GITHUB\WHISPER\SRC\FX\SKY.FXO
